TN:
SF:C:\Users\Ixirus-PC\Documents\heihong\projetheihong\shop\shop\shop\src\polyfills.ts
FNF:0
FNH:0
LF:0
LH:0
BRF:0
BRH:0
end_of_record
TN:
SF:C:\Users\Ixirus-PC\Documents\heihong\projetheihong\shop\shop\shop\src\test.ts
FNF:0
FNH:0
DA:13,1
DA:18,1
DA:20,1
LF:3
LH:3
BRF:0
BRH:0
end_of_record
TN:
SF:C:\Users\Ixirus-PC\Documents\heihong\projetheihong\shop\shop\shop\src\app\services\cart.service.ts
FN:4,(anonymous_0)
FN:6,(anonymous_1)
FN:7,(anonymous_2)
FN:10,(anonymous_3)
FN:11,(anonymous_4)
FN:16,(anonymous_5)
FN:17,(anonymous_6)
FN:20,(anonymous_7)
FN:36,(anonymous_8)
FNF:9
FNH:9
FNDA:7,(anonymous_0)
FNDA:3,(anonymous_1)
FNDA:7,(anonymous_2)
FNDA:1,(anonymous_3)
FNDA:3,(anonymous_4)
FNDA:3,(anonymous_5)
FNDA:8,(anonymous_6)
FNDA:1,(anonymous_7)
FNDA:2,(anonymous_8)
DA:5,7
DA:7,7
DA:11,1
DA:12,3
DA:17,8
DA:21,1
DA:22,1
DA:30,0
DA:31,0
DA:37,2
DA:38,2
DA:39,1
DA:41,1
LF:13
LH:11
BRDA:21,0,0,1
BRDA:21,0,1,0
BRDA:38,1,0,1
BRDA:38,1,1,1
BRF:4
BRH:3
end_of_record
